{"E:\\projects\\javascript\\course02_lesson04_homework_unit03\\src\\math.ts": {"path":"E:\\projects\\javascript\\course02_lesson04_homework_unit03\\src\\math.ts","statementMap":{"0":{"start":{"line":2,"column":2},"end":{"line":2,"column":null}}},"fnMap":{"0":{"name":"add","decl":{"start":{"line":1,"column":16},"end":{"line":1,"column":20}},"loc":{"start":{"line":1,"column":50},"end":{"line":3,"column":null}},"line":1}},"branchMap":{},"s":{"0":4},"f":{"0":4},"b":{},"meta":{"lastBranch":0,"lastFunction":1,"lastStatement":1,"seen":{"f:1:16:1:20":0,"s:2:2:2:Infinity":0},"fnNames":{}}}
,"E:\\projects\\javascript\\course02_lesson04_homework_unit03\\src\\setup.ts": {"path":"E:\\projects\\javascript\\course02_lesson04_homework_unit03\\src\\setup.ts","statementMap":{"0":{"start":{"line":4,"column":17},"end":{"line":4,"column":null}},"1":{"start":{"line":5,"column":17},"end":{"line":5,"column":null}},"2":{"start":{"line":7,"column":2},"end":{"line":12,"column":null}},"3":{"start":{"line":8,"column":14},"end":{"line":8,"column":null}},"4":{"start":{"line":9,"column":14},"end":{"line":9,"column":null}},"5":{"start":{"line":11,"column":4},"end":{"line":11,"column":null}}},"fnMap":{"0":{"name":"setup","decl":{"start":{"line":3,"column":16},"end":{"line":3,"column":24}},"loc":{"start":{"line":3,"column":24},"end":{"line":13,"column":null}},"line":3},"1":{"name":"(anonymous_1)","decl":{"start":{"line":7,"column":26},"end":{"line":7,"column":41}},"loc":{"start":{"line":7,"column":41},"end":{"line":12,"column":3}},"line":7}},"branchMap":{},"s":{"0":1,"1":1,"2":1,"3":1,"4":1,"5":1},"f":{"0":1,"1":1},"b":{},"meta":{"lastBranch":0,"lastFunction":2,"lastStatement":6,"seen":{"f:3:16:3:24":0,"s:4:17:4:Infinity":0,"s:5:17:5:Infinity":1,"s:7:2:12:Infinity":2,"f:7:26:7:41":1,"s:8:14:8:Infinity":3,"s:9:14:9:Infinity":4,"s:11:4:11:Infinity":5},"fnNames":{}}}
}
